{"/Users/mac/Microverse/ToDo-list-application/src/main-files/add.js": {"path":"/Users/mac/Microverse/ToDo-list-application/src/main-files/add.js","statementMap":{"0":{"start":{"line":3,"column":12},"end":{"line":13,"column":1}},"1":{"start":{"line":4,"column":20},"end":{"line":4,"column":44}},"2":{"start":{"line":5,"column":15},"end":{"line":9,"column":3}},"3":{"start":{"line":11,"column":2},"end":{"line":11,"column":23}},"4":{"start":{"line":12,"column":2},"end":{"line":12,"column":36}}},"fnMap":{"0":{"name":"(anonymous_0)","decl":{"start":{"line":3,"column":12},"end":{"line":3,"column":13}},"loc":{"start":{"line":3,"column":22},"end":{"line":13,"column":1}},"line":3}},"branchMap":{},"s":{"0":2,"1":9,"2":9,"3":9,"4":9},"f":{"0":9},"b":{},"_coverageSchema":"1a1c01bbd47fc00a2c39e90264f33305004495a9","hash":"a33a048d879a836e38cc0c51e3d702902c6e007f"}
,"/Users/mac/Microverse/ToDo-list-application/src/main-files/editTasks.js": {"path":"/Users/mac/Microverse/ToDo-list-application/src/main-files/editTasks.js","statementMap":{"0":{"start":{"line":3,"column":13},"end":{"line":7,"column":1}},"1":{"start":{"line":4,"column":20},"end":{"line":4,"column":44}},"2":{"start":{"line":5,"column":2},"end":{"line":5,"column":42}},"3":{"start":{"line":6,"column":2},"end":{"line":6,"column":36}}},"fnMap":{"0":{"name":"(anonymous_0)","decl":{"start":{"line":3,"column":13},"end":{"line":3,"column":14}},"loc":{"start":{"line":3,"column":37},"end":{"line":7,"column":1}},"line":3}},"branchMap":{},"s":{"0":1,"1":2,"2":2,"3":2},"f":{"0":2},"b":{},"_coverageSchema":"1a1c01bbd47fc00a2c39e90264f33305004495a9","hash":"bebca80a64ba8ed80f18b250bf487945b1a4584a"}
,"/Users/mac/Microverse/ToDo-list-application/src/main-files/storage.js": {"path":"/Users/mac/Microverse/ToDo-list-application/src/main-files/storage.js","statementMap":{"0":{"start":{"line":2,"column":19},"end":{"line":4,"column":3}},"1":{"start":{"line":3,"column":4},"end":{"line":3,"column":71}},"2":{"start":{"line":6,"column":19},"end":{"line":6,"column":119}},"3":{"start":{"line":6,"column":26},"end":{"line":6,"column":118}}},"fnMap":{"0":{"name":"(anonymous_0)","decl":{"start":{"line":2,"column":19},"end":{"line":2,"column":20}},"loc":{"start":{"line":2,"column":37},"end":{"line":4,"column":3}},"line":2},"1":{"name":"(anonymous_1)","decl":{"start":{"line":6,"column":19},"end":{"line":6,"column":20}},"loc":{"start":{"line":6,"column":26},"end":{"line":6,"column":118}},"line":6}},"branchMap":{"0":{"loc":{"start":{"line":6,"column":26},"end":{"line":6,"column":118}},"type":"cond-expr","locations":[{"start":{"line":6,"column":65},"end":{"line":6,"column":113}},{"start":{"line":6,"column":116},"end":{"line":6,"column":118}}],"line":6}},"s":{"0":2,"1":15,"2":2,"3":25},"f":{"0":15,"1":25},"b":{"0":[23,2]},"_coverageSchema":"1a1c01bbd47fc00a2c39e90264f33305004495a9","hash":"a614f66223e5e5c523dc7cf22bad4044d2f91e4c"}
,"/Users/mac/Microverse/ToDo-list-application/src/modules/status.js": {"path":"/Users/mac/Microverse/ToDo-list-application/src/modules/status.js","statementMap":{"0":{"start":{"line":4,"column":20},"end":{"line":4,"column":44}},"1":{"start":{"line":5,"column":15},"end":{"line":5,"column":17}},"2":{"start":{"line":7,"column":2},"end":{"line":19,"column":5}},"3":{"start":{"line":8,"column":29},"end":{"line":8,"column":63}},"4":{"start":{"line":10,"column":4},"end":{"line":18,"column":4}},"5":{"start":{"line":21,"column":15},"end":{"line":21,"column":52}},"6":{"start":{"line":22,"column":2},"end":{"line":22,"column":26}},"7":{"start":{"line":23,"column":21},"end":{"line":23,"column":56}},"8":{"start":{"line":24,"column":2},"end":{"line":30,"column":5}},"9":{"start":{"line":25,"column":4},"end":{"line":29,"column":5}},"10":{"start":{"line":26,"column":6},"end":{"line":26,"column":59}},"11":{"start":{"line":28,"column":6},"end":{"line":28,"column":62}}},"fnMap":{"0":{"name":"renderTodo","decl":{"start":{"line":3,"column":24},"end":{"line":3,"column":34}},"loc":{"start":{"line":3,"column":37},"end":{"line":31,"column":1}},"line":3},"1":{"name":"(anonymous_1)","decl":{"start":{"line":7,"column":20},"end":{"line":7,"column":21}},"loc":{"start":{"line":7,"column":31},"end":{"line":19,"column":3}},"line":7},"2":{"name":"(anonymous_2)","decl":{"start":{"line":24,"column":21},"end":{"line":24,"column":22}},"loc":{"start":{"line":24,"column":30},"end":{"line":30,"column":3}},"line":24}},"branchMap":{"0":{"loc":{"start":{"line":8,"column":29},"end":{"line":8,"column":63}},"type":"cond-expr","locations":[{"start":{"line":8,"column":49},"end":{"line":8,"column":58}},{"start":{"line":8,"column":61},"end":{"line":8,"column":63}}],"line":8},"1":{"loc":{"start":{"line":25,"column":4},"end":{"line":29,"column":5}},"type":"if","locations":[{"start":{"line":25,"column":4},"end":{"line":29,"column":5}},{"start":{"line":27,"column":11},"end":{"line":29,"column":5}}],"line":25}},"s":{"0":4,"1":4,"2":4,"3":14,"4":14,"5":4,"6":4,"7":4,"8":4,"9":14,"10":0,"11":14},"f":{"0":4,"1":14,"2":14},"b":{"0":[0,14],"1":[0,14]},"_coverageSchema":"1a1c01bbd47fc00a2c39e90264f33305004495a9","hash":"cf0a3452dcd199a4f2afa681da84398b6f8da8f6"}
}
