{"C:\\Users\\Emi\\Desktop\\steve2\\src\\main-files\\add.js": {"path":"C:\\Users\\Emi\\Desktop\\steve2\\src\\main-files\\add.js","statementMap":{"0":{"start":{"line":3,"column":12},"end":{"line":13,"column":1}},"1":{"start":{"line":4,"column":20},"end":{"line":4,"column":44}},"2":{"start":{"line":5,"column":15},"end":{"line":9,"column":3}},"3":{"start":{"line":11,"column":2},"end":{"line":11,"column":23}},"4":{"start":{"line":12,"column":2},"end":{"line":12,"column":36}}},"fnMap":{"0":{"name":"(anonymous_0)","decl":{"start":{"line":3,"column":12},"end":{"line":3,"column":13}},"loc":{"start":{"line":3,"column":22},"end":{"line":13,"column":1}},"line":3}},"branchMap":{},"s":{"0":2,"1":12,"2":12,"3":12,"4":12},"f":{"0":12},"b":{},"_coverageSchema":"1a1c01bbd47fc00a2c39e90264f33305004495a9","hash":"06bf16ed9e37c066505a94a3a2532298fd46cb1d"}
,"C:\\Users\\Emi\\Desktop\\steve2\\src\\main-files\\clear.js": {"path":"C:\\Users\\Emi\\Desktop\\steve2\\src\\main-files\\clear.js","statementMap":{"0":{"start":{"line":11,"column":22},"end":{"line":16,"column":1}},"1":{"start":{"line":12,"column":18},"end":{"line":12,"column":42}},"2":{"start":{"line":13,"column":2},"end":{"line":13,"column":67}},"3":{"start":{"line":13,"column":41},"end":{"line":13,"column":65}},"4":{"start":{"line":14,"column":2},"end":{"line":14,"column":44}},"5":{"start":{"line":15,"column":2},"end":{"line":15,"column":15}}},"fnMap":{"0":{"name":"(anonymous_0)","decl":{"start":{"line":11,"column":22},"end":{"line":11,"column":23}},"loc":{"start":{"line":11,"column":27},"end":{"line":16,"column":1}},"line":11},"1":{"name":"(anonymous_1)","decl":{"start":{"line":13,"column":31},"end":{"line":13,"column":32}},"loc":{"start":{"line":13,"column":41},"end":{"line":13,"column":65}},"line":13}},"branchMap":{},"s":{"0":1,"1":1,"2":1,"3":5,"4":1,"5":1},"f":{"0":1,"1":5},"b":{},"_coverageSchema":"1a1c01bbd47fc00a2c39e90264f33305004495a9","hash":"d1e1b01482aba4947cf5f22c5c00684945a3d550"}
,"C:\\Users\\Emi\\Desktop\\steve2\\src\\main-files\\completed.js": {"path":"C:\\Users\\Emi\\Desktop\\steve2\\src\\main-files\\completed.js","statementMap":{"0":{"start":{"line":3,"column":20},"end":{"line":7,"column":1}},"1":{"start":{"line":4,"column":22},"end":{"line":4,"column":46}},"2":{"start":{"line":5,"column":4},"end":{"line":5,"column":44}},"3":{"start":{"line":6,"column":4},"end":{"line":6,"column":38}}},"fnMap":{"0":{"name":"(anonymous_0)","decl":{"start":{"line":3,"column":20},"end":{"line":3,"column":21}},"loc":{"start":{"line":3,"column":39},"end":{"line":7,"column":1}},"line":3}},"branchMap":{},"s":{"0":1,"1":3,"2":3,"3":3},"f":{"0":3},"b":{},"_coverageSchema":"1a1c01bbd47fc00a2c39e90264f33305004495a9","hash":"38d5c0e7030be191d45c5ce2085cc3c6202c204e"}
,"C:\\Users\\Emi\\Desktop\\steve2\\src\\main-files\\remove.js": {"path":"C:\\Users\\Emi\\Desktop\\steve2\\src\\main-files\\remove.js","statementMap":{"0":{"start":{"line":4,"column":15},"end":{"line":8,"column":1}},"1":{"start":{"line":5,"column":20},"end":{"line":5,"column":44}},"2":{"start":{"line":6,"column":23},"end":{"line":6,"column":67}},"3":{"start":{"line":6,"column":50},"end":{"line":6,"column":66}},"4":{"start":{"line":7,"column":2},"end":{"line":7,"column":47}}},"fnMap":{"0":{"name":"(anonymous_0)","decl":{"start":{"line":4,"column":15},"end":{"line":4,"column":16}},"loc":{"start":{"line":4,"column":23},"end":{"line":8,"column":1}},"line":4},"1":{"name":"(anonymous_1)","decl":{"start":{"line":6,"column":40},"end":{"line":6,"column":41}},"loc":{"start":{"line":6,"column":50},"end":{"line":6,"column":66}},"line":6}},"branchMap":{},"s":{"0":1,"1":4,"2":4,"3":22,"4":4},"f":{"0":4,"1":22},"b":{},"_coverageSchema":"1a1c01bbd47fc00a2c39e90264f33305004495a9","hash":"cb89099b548e6f32f4c61a1a434181573e1f09a0"}
,"C:\\Users\\Emi\\Desktop\\steve2\\src\\main-files\\storage.js": {"path":"C:\\Users\\Emi\\Desktop\\steve2\\src\\main-files\\storage.js","statementMap":{"0":{"start":{"line":2,"column":19},"end":{"line":4,"column":3}},"1":{"start":{"line":3,"column":4},"end":{"line":3,"column":71}},"2":{"start":{"line":6,"column":19},"end":{"line":6,"column":119}},"3":{"start":{"line":6,"column":26},"end":{"line":6,"column":118}}},"fnMap":{"0":{"name":"(anonymous_0)","decl":{"start":{"line":2,"column":19},"end":{"line":2,"column":20}},"loc":{"start":{"line":2,"column":37},"end":{"line":4,"column":3}},"line":2},"1":{"name":"(anonymous_1)","decl":{"start":{"line":6,"column":19},"end":{"line":6,"column":20}},"loc":{"start":{"line":6,"column":26},"end":{"line":6,"column":118}},"line":6}},"branchMap":{"0":{"loc":{"start":{"line":6,"column":26},"end":{"line":6,"column":118}},"type":"cond-expr","locations":[{"start":{"line":6,"column":65},"end":{"line":6,"column":113}},{"start":{"line":6,"column":116},"end":{"line":6,"column":118}}],"line":6}},"s":{"0":2,"1":20,"2":2,"3":32},"f":{"0":20,"1":32},"b":{"0":[30,2]},"_coverageSchema":"1a1c01bbd47fc00a2c39e90264f33305004495a9","hash":"255f255c4ecb9b172f76babf0e33b805f752ebc2"}
,"C:\\Users\\Emi\\Desktop\\steve2\\src\\main-files\\update-index.js": {"path":"C:\\Users\\Emi\\Desktop\\steve2\\src\\main-files\\update-index.js","statementMap":{"0":{"start":{"line":1,"column":15},"end":{"line":7,"column":1}},"1":{"start":{"line":2,"column":4},"end":{"line":4,"column":5}},"2":{"start":{"line":3,"column":4},"end":{"line":3,"column":27}},"3":{"start":{"line":6,"column":2},"end":{"line":6,"column":14}}},"fnMap":{"0":{"name":"(anonymous_0)","decl":{"start":{"line":1,"column":15},"end":{"line":1,"column":16}},"loc":{"start":{"line":1,"column":23},"end":{"line":7,"column":1}},"line":1},"1":{"name":"(anonymous_1)","decl":{"start":{"line":2,"column":17},"end":{"line":2,"column":18}},"loc":{"start":{"line":2,"column":34},"end":{"line":4,"column":3}},"line":2}},"branchMap":{},"s":{"0":2,"1":5,"2":20,"3":5},"f":{"0":5,"1":20},"b":{},"_coverageSchema":"1a1c01bbd47fc00a2c39e90264f33305004495a9","hash":"fbb91fe4273f8a51a79c1748803d2ba8e50a3648"}
,"C:\\Users\\Emi\\Desktop\\steve2\\src\\modules\\status.js": {"path":"C:\\Users\\Emi\\Desktop\\steve2\\src\\modules\\status.js","statementMap":{"0":{"start":{"line":4,"column":20},"end":{"line":4,"column":44}},"1":{"start":{"line":5,"column":15},"end":{"line":5,"column":17}},"2":{"start":{"line":7,"column":2},"end":{"line":19,"column":5}},"3":{"start":{"line":8,"column":29},"end":{"line":8,"column":63}},"4":{"start":{"line":10,"column":4},"end":{"line":18,"column":4}},"5":{"start":{"line":21,"column":15},"end":{"line":21,"column":52}},"6":{"start":{"line":22,"column":2},"end":{"line":22,"column":26}},"7":{"start":{"line":23,"column":21},"end":{"line":23,"column":56}},"8":{"start":{"line":24,"column":2},"end":{"line":30,"column":5}},"9":{"start":{"line":25,"column":4},"end":{"line":29,"column":5}},"10":{"start":{"line":26,"column":6},"end":{"line":26,"column":59}},"11":{"start":{"line":28,"column":6},"end":{"line":28,"column":62}}},"fnMap":{"0":{"name":"renderTodo","decl":{"start":{"line":3,"column":24},"end":{"line":3,"column":34}},"loc":{"start":{"line":3,"column":37},"end":{"line":31,"column":1}},"line":3},"1":{"name":"(anonymous_1)","decl":{"start":{"line":7,"column":20},"end":{"line":7,"column":21}},"loc":{"start":{"line":7,"column":31},"end":{"line":19,"column":3}},"line":7},"2":{"name":"(anonymous_2)","decl":{"start":{"line":24,"column":21},"end":{"line":24,"column":22}},"loc":{"start":{"line":24,"column":30},"end":{"line":30,"column":3}},"line":24}},"branchMap":{"0":{"loc":{"start":{"line":8,"column":29},"end":{"line":8,"column":63}},"type":"cond-expr","locations":[{"start":{"line":8,"column":49},"end":{"line":8,"column":58}},{"start":{"line":8,"column":61},"end":{"line":8,"column":63}}],"line":8},"1":{"loc":{"start":{"line":25,"column":4},"end":{"line":29,"column":5}},"type":"if","locations":[{"start":{"line":25,"column":4},"end":{"line":29,"column":5}},{"start":{"line":27,"column":11},"end":{"line":29,"column":5}}],"line":25}},"s":{"0":5,"1":5,"2":5,"3":16,"4":16,"5":5,"6":5,"7":5,"8":5,"9":16,"10":1,"11":15},"f":{"0":5,"1":16,"2":16},"b":{"0":[1,15],"1":[1,15]},"_coverageSchema":"1a1c01bbd47fc00a2c39e90264f33305004495a9","hash":"3935e33542329cf2a7a1bf7074f87ffb802b84cc"}
}
