TN:
SF:src\main-files\add.js
FN:3,(anonymous_0)
FNF:1
FNH:1
FNDA:2,(anonymous_0)
DA:3,1
DA:4,2
DA:5,2
DA:11,2
DA:12,2
LF:5
LH:5
BRF:0
BRH:0
end_of_record
TN:
SF:src\main-files\completed.js
FN:3,(anonymous_0)
FNF:1
FNH:1
FNDA:1,(anonymous_0)
DA:3,1
DA:4,1
DA:5,1
DA:6,1
LF:4
LH:4
BRF:0
BRH:0
end_of_record
TN:
SF:src\main-files\storage.js
FN:2,(anonymous_0)
FN:6,(anonymous_1)
FNF:2
FNH:2
FNDA:3,(anonymous_0)
FNDA:7,(anonymous_1)
DA:2,1
DA:3,3
DA:6,7
LF:3
LH:3
BRDA:6,0,0,6
BRDA:6,0,1,1
BRF:2
BRH:2
end_of_record
TN:
SF:src\modules\status.js
FN:3,renderTodo
FN:7,(anonymous_1)
FN:24,(anonymous_2)
FNF:3
FNH:3
FNDA:2,renderTodo
FNDA:4,(anonymous_1)
FNDA:4,(anonymous_2)
DA:4,2
DA:5,2
DA:7,2
DA:8,4
DA:10,4
DA:21,2
DA:22,2
DA:23,2
DA:24,2
DA:25,4
DA:26,1
DA:28,3
LF:12
LH:12
BRDA:8,0,0,1
BRDA:8,0,1,3
BRDA:25,1,0,1
BRDA:25,1,1,3
BRF:4
BRH:4
end_of_record
