TN:
SF:src/main-files/add.js
FN:3,(anonymous_0)
FNF:1
FNH:1
FNDA:9,(anonymous_0)
DA:3,2
DA:4,9
DA:5,9
DA:11,9
DA:12,9
LF:5
LH:5
BRF:0
BRH:0
end_of_record
TN:
SF:src/main-files/editTasks.js
FN:3,(anonymous_0)
FNF:1
FNH:1
FNDA:2,(anonymous_0)
DA:3,1
DA:4,2
DA:5,2
DA:6,2
LF:4
LH:4
BRF:0
BRH:0
end_of_record
TN:
SF:src/main-files/storage.js
FN:2,(anonymous_0)
FN:6,(anonymous_1)
FNF:2
FNH:2
FNDA:15,(anonymous_0)
FNDA:25,(anonymous_1)
DA:2,2
DA:3,15
DA:6,25
LF:3
LH:3
BRDA:6,0,0,23
BRDA:6,0,1,2
BRF:2
BRH:2
end_of_record
TN:
SF:src/modules/status.js
FN:3,renderTodo
FN:7,(anonymous_1)
FN:24,(anonymous_2)
FNF:3
FNH:3
FNDA:4,renderTodo
FNDA:14,(anonymous_1)
FNDA:14,(anonymous_2)
DA:4,4
DA:5,4
DA:7,4
DA:8,14
DA:10,14
DA:21,4
DA:22,4
DA:23,4
DA:24,4
DA:25,14
DA:26,0
DA:28,14
LF:12
LH:11
BRDA:8,0,0,0
BRDA:8,0,1,14
BRDA:25,1,0,0
BRDA:25,1,1,14
BRF:4
BRH:2
end_of_record
